Flow report for DE0_NANO_G_Sensor
Sun Dec 02 12:48:29 2012
Quartus II Version 11.0 Build 157 04/27/2011 SJ Web Edition


---------------------
; Table of Contents ;
---------------------
  1. Legal Notice
  2. Flow Summary
  3. Flow Settings
  4. Flow Non-Default Global Settings
  5. Flow Elapsed Time
  6. Flow OS Summary
  7. Flow Log



----------------
; Legal Notice ;
----------------
Copyright (C) 1991-2011 Altera Corporation
Your use of Altera Corporation's design tools, logic functions 
and other software and tools, and its AMPP partner logic 
functions, and any output files from any of the foregoing 
(including device programming or simulation files), and any 
associated documentation or information are expressly subject 
to the terms and conditions of the Altera Program License 
Subscription Agreement, Altera MegaCore Function License 
Agreement, or other applicable license agreement, including, 
without limitation, that your use is for the sole purpose of 
programming logic devices manufactured by Altera and sold by 
Altera or its authorized distributors.  Please refer to the 
applicable agreement for further details.



+-------------------------------------------------------------------------------+
; Flow Summary                                                                  ;
+------------------------------------+------------------------------------------+
; Flow Status                        ; Successful - Sun Dec 02 12:48:26 2012    ;
; Quartus II Version                 ; 11.0 Build 157 04/27/2011 SJ Web Edition ;
; Revision Name                      ; DE0_NANO_G_Sensor                        ;
; Top-level Entity Name              ; GLCD_driver                              ;
; Family                             ; Cyclone IV E                             ;
; Device                             ; EP4CE22F17C6                             ;
; Timing Models                      ; Final                                    ;
; Total logic elements               ; 89 / 22,320 ( < 1 % )                    ;
;     Total combinational functions  ; 89 / 22,320 ( < 1 % )                    ;
;     Dedicated logic registers      ; 59 / 22,320 ( < 1 % )                    ;
; Total registers                    ; 59                                       ;
; Total pins                         ; 15 / 154 ( 10 % )                        ;
; Total virtual pins                 ; 0                                        ;
; Total memory bits                  ; 0 / 608,256 ( 0 % )                      ;
; Embedded Multiplier 9-bit elements ; 0 / 132 ( 0 % )                          ;
; Total PLLs                         ; 0 / 4 ( 0 % )                            ;
+------------------------------------+------------------------------------------+


+-----------------------------------------+
; Flow Settings                           ;
+-------------------+---------------------+
; Option            ; Setting             ;
+-------------------+---------------------+
; Start date & time ; 12/02/2012 12:47:51 ;
; Main task         ; Compilation         ;
; Revision Name     ; DE0_NANO_G_Sensor   ;
+-------------------+---------------------+


+----------------------------------------------------------------------------------------------------------------------------+
; Flow Non-Default Global Settings                                                                                           ;
+-------------------------------------+---------------------------------------+-------------------+-------------+------------+
; Assignment Name                     ; Value                                 ; Default Value     ; Entity Name ; Section Id ;
+-------------------------------------+---------------------------------------+-------------------+-------------+------------+
; COMPILER_SIGNATURE_ID               ; 97394480810765.135443267104524        ; --                ; --          ; --         ;
; ENABLE_SIGNALTAP                    ; Off                                   ; --                ; --          ; --         ;
; IP_TOOL_NAME                        ; ALTPLL                                ; --                ; --          ; --         ;
; IP_TOOL_VERSION                     ; 10.0                                  ; --                ; --          ; --         ;
; MAX_CORE_JUNCTION_TEMP              ; 85                                    ; --                ; --          ; --         ;
; MIN_CORE_JUNCTION_TEMP              ; 0                                     ; --                ; --          ; --         ;
; MISC_FILE                           ; spipll.ppf                            ; --                ; --          ; --         ;
; PARTITION_COLOR                     ; 16764057                              ; --                ; GLCD_driver ; Top        ;
; PARTITION_FITTER_PRESERVATION_LEVEL ; PLACEMENT_AND_ROUTING                 ; --                ; GLCD_driver ; Top        ;
; PARTITION_NETLIST_TYPE              ; SOURCE                                ; --                ; GLCD_driver ; Top        ;
; POWER_BOARD_THERMAL_MODEL           ; None (CONSERVATIVE)                   ; --                ; --          ; --         ;
; POWER_PRESET_COOLING_SOLUTION       ; 23 MM HEAT SINK WITH 200 LFPM AIRFLOW ; --                ; --          ; --         ;
; TOP_LEVEL_ENTITY                    ; GLCD_driver                           ; DE0_NANO_G_Sensor ; --          ; --         ;
; USE_SIGNALTAP_FILE                  ; stp1.stp                              ; --                ; --          ; --         ;
+-------------------------------------+---------------------------------------+-------------------+-------------+------------+


+-------------------------------------------------------------------------------------------------------------------------------+
; Flow Elapsed Time                                                                                                             ;
+---------------------------+--------------+-------------------------+---------------------+------------------------------------+
; Module Name               ; Elapsed Time ; Average Processors Used ; Peak Virtual Memory ; Total CPU Time (on all processors) ;
+---------------------------+--------------+-------------------------+---------------------+------------------------------------+
; Analysis & Synthesis      ; 00:00:05     ; 1.0                     ; 277 MB              ; 00:00:03                           ;
; Fitter                    ; 00:00:19     ; 1.0                     ; 361 MB              ; 00:00:15                           ;
; Assembler                 ; 00:00:05     ; 1.0                     ; 283 MB              ; 00:00:05                           ;
; TimeQuest Timing Analyzer ; 00:00:10     ; 1.0                     ; 287 MB              ; 00:00:06                           ;
; Total                     ; 00:00:39     ; --                      ; --                  ; 00:00:29                           ;
+---------------------------+--------------+-------------------------+---------------------+------------------------------------+


+----------------------------------------------------------------------------------------+
; Flow OS Summary                                                                        ;
+---------------------------+------------------+-----------+------------+----------------+
; Module Name               ; Machine Hostname ; OS Name   ; OS Version ; Processor type ;
+---------------------------+------------------+-----------+------------+----------------+
; Analysis & Synthesis      ; Praveen          ; Windows 7 ; 6.2        ; x86_64         ;
; Fitter                    ; Praveen          ; Windows 7 ; 6.2        ; x86_64         ;
; Assembler                 ; Praveen          ; Windows 7 ; 6.2        ; x86_64         ;
; TimeQuest Timing Analyzer ; Praveen          ; Windows 7 ; 6.2        ; x86_64         ;
+---------------------------+------------------+-----------+------------+----------------+


------------
; Flow Log ;
------------
quartus_map --read_settings_files=on --write_settings_files=off DE0_NANO_G_Sensor -c DE0_NANO_G_Sensor
quartus_fit --read_settings_files=off --write_settings_files=off DE0_NANO_G_Sensor -c DE0_NANO_G_Sensor
quartus_asm --read_settings_files=off --write_settings_files=off DE0_NANO_G_Sensor -c DE0_NANO_G_Sensor
quartus_sta DE0_NANO_G_Sensor -c DE0_NANO_G_Sensor



