Analysis & Synthesis report for DE0_NANO_G_Sensor
Sun Dec 02 12:47:56 2012
Quartus II Version 11.0 Build 157 04/27/2011 SJ Web Edition


---------------------
; Table of Contents ;
---------------------
  1. Legal Notice
  2. Analysis & Synthesis Summary
  3. Analysis & Synthesis Settings
  4. Parallel Compilation
  5. Analysis & Synthesis Source Files Read
  6. Analysis & Synthesis Resource Usage Summary
  7. Analysis & Synthesis Resource Utilization by Entity
  8. Registers Removed During Synthesis
  9. General Register Statistics
 10. Multiplexer Restructuring Statistics (Restructuring Performed)
 11. Elapsed Time Per Partition
 12. Analysis & Synthesis Messages
 13. Analysis & Synthesis Suppressed Messages



----------------
; Legal Notice ;
----------------
Copyright (C) 1991-2011 Altera Corporation
Your use of Altera Corporation's design tools, logic functions 
and other software and tools, and its AMPP partner logic 
functions, and any output files from any of the foregoing 
(including device programming or simulation files), and any 
associated documentation or information are expressly subject 
to the terms and conditions of the Altera Program License 
Subscription Agreement, Altera MegaCore Function License 
Agreement, or other applicable license agreement, including, 
without limitation, that your use is for the sole purpose of 
programming logic devices manufactured by Altera and sold by 
Altera or its authorized distributors.  Please refer to the 
applicable agreement for further details.



+-------------------------------------------------------------------------------+
; Analysis & Synthesis Summary                                                  ;
+------------------------------------+------------------------------------------+
; Analysis & Synthesis Status        ; Successful - Sun Dec 02 12:47:56 2012    ;
; Quartus II Version                 ; 11.0 Build 157 04/27/2011 SJ Web Edition ;
; Revision Name                      ; DE0_NANO_G_Sensor                        ;
; Top-level Entity Name              ; GLCD_driver                              ;
; Family                             ; Cyclone IV E                             ;
; Total logic elements               ; 89                                       ;
;     Total combinational functions  ; 89                                       ;
;     Dedicated logic registers      ; 59                                       ;
; Total registers                    ; 59                                       ;
; Total pins                         ; 15                                       ;
; Total virtual pins                 ; 0                                        ;
; Total memory bits                  ; 0                                        ;
; Embedded Multiplier 9-bit elements ; 0                                        ;
; Total PLLs                         ; 0                                        ;
+------------------------------------+------------------------------------------+


+----------------------------------------------------------------------------------------------------------------------+
; Analysis & Synthesis Settings                                                                                        ;
+----------------------------------------------------------------------------+--------------------+--------------------+
; Option                                                                     ; Setting            ; Default Value      ;
+----------------------------------------------------------------------------+--------------------+--------------------+
; Device                                                                     ; EP4CE22F17C6       ;                    ;
; Top-level entity name                                                      ; GLCD_driver        ; DE0_NANO_G_Sensor  ;
; Family name                                                                ; Cyclone IV E       ; Cyclone IV GX      ;
; Use smart compilation                                                      ; Off                ; Off                ;
; Enable parallel Assembler and TimeQuest Timing Analyzer during compilation ; On                 ; On                 ;
; Enable compact report table                                                ; Off                ; Off                ;
; Restructure Multiplexers                                                   ; Auto               ; Auto               ;
; Create Debugging Nodes for IP Cores                                        ; Off                ; Off                ;
; Preserve fewer node names                                                  ; On                 ; On                 ;
; Disable OpenCore Plus hardware evaluation                                  ; Off                ; Off                ;
; Verilog Version                                                            ; Verilog_2001       ; Verilog_2001       ;
; VHDL Version                                                               ; VHDL_1993          ; VHDL_1993          ;
; State Machine Processing                                                   ; Auto               ; Auto               ;
; Safe State Machine                                                         ; Off                ; Off                ;
; Extract Verilog State Machines                                             ; On                 ; On                 ;
; Extract VHDL State Machines                                                ; On                 ; On                 ;
; Ignore Verilog initial constructs                                          ; Off                ; Off                ;
; Iteration limit for constant Verilog loops                                 ; 5000               ; 5000               ;
; Iteration limit for non-constant Verilog loops                             ; 250                ; 250                ;
; Add Pass-Through Logic to Inferred RAMs                                    ; On                 ; On                 ;
; Parallel Synthesis                                                         ; On                 ; On                 ;
; DSP Block Balancing                                                        ; Auto               ; Auto               ;
; NOT Gate Push-Back                                                         ; On                 ; On                 ;
; Power-Up Don't Care                                                        ; On                 ; On                 ;
; Remove Redundant Logic Cells                                               ; Off                ; Off                ;
; Remove Duplicate Registers                                                 ; On                 ; On                 ;
; Ignore CARRY Buffers                                                       ; Off                ; Off                ;
; Ignore CASCADE Buffers                                                     ; Off                ; Off                ;
; Ignore GLOBAL Buffers                                                      ; Off                ; Off                ;
; Ignore ROW GLOBAL Buffers                                                  ; Off                ; Off                ;
; Ignore LCELL Buffers                                                       ; Off                ; Off                ;
; Ignore SOFT Buffers                                                        ; On                 ; On                 ;
; Limit AHDL Integers to 32 Bits                                             ; Off                ; Off                ;
; Optimization Technique                                                     ; Balanced           ; Balanced           ;
; Carry Chain Length                                                         ; 70                 ; 70                 ;
; Auto Carry Chains                                                          ; On                 ; On                 ;
; Auto Open-Drain Pins                                                       ; On                 ; On                 ;
; Perform WYSIWYG Primitive Resynthesis                                      ; Off                ; Off                ;
; Auto ROM Replacement                                                       ; On                 ; On                 ;
; Auto RAM Replacement                                                       ; On                 ; On                 ;
; Auto DSP Block Replacement                                                 ; On                 ; On                 ;
; Auto Shift Register Replacement                                            ; Auto               ; Auto               ;
; Allow Shift Register Merging across Hierarchies                            ; Auto               ; Auto               ;
; Auto Clock Enable Replacement                                              ; On                 ; On                 ;
; Strict RAM Replacement                                                     ; Off                ; Off                ;
; Allow Synchronous Control Signals                                          ; On                 ; On                 ;
; Force Use of Synchronous Clear Signals                                     ; Off                ; Off                ;
; Auto RAM Block Balancing                                                   ; On                 ; On                 ;
; Auto RAM to Logic Cell Conversion                                          ; Off                ; Off                ;
; Auto Resource Sharing                                                      ; Off                ; Off                ;
; Allow Any RAM Size For Recognition                                         ; Off                ; Off                ;
; Allow Any ROM Size For Recognition                                         ; Off                ; Off                ;
; Allow Any Shift Register Size For Recognition                              ; Off                ; Off                ;
; Use LogicLock Constraints during Resource Balancing                        ; On                 ; On                 ;
; Ignore translate_off and synthesis_off directives                          ; Off                ; Off                ;
; Timing-Driven Synthesis                                                    ; On                 ; On                 ;
; Report Parameter Settings                                                  ; On                 ; On                 ;
; Report Source Assignments                                                  ; On                 ; On                 ;
; Report Connectivity Checks                                                 ; On                 ; On                 ;
; Ignore Maximum Fan-Out Assignments                                         ; Off                ; Off                ;
; Synchronization Register Chain Length                                      ; 2                  ; 2                  ;
; PowerPlay Power Optimization                                               ; Normal compilation ; Normal compilation ;
; HDL message level                                                          ; Level2             ; Level2             ;
; Suppress Register Optimization Related Messages                            ; Off                ; Off                ;
; Number of Removed Registers Reported in Synthesis Report                   ; 5000               ; 5000               ;
; Number of Inverted Registers Reported in Synthesis Report                  ; 100                ; 100                ;
; Clock MUX Protection                                                       ; On                 ; On                 ;
; Auto Gated Clock Conversion                                                ; Off                ; Off                ;
; Block Design Naming                                                        ; Auto               ; Auto               ;
; SDC constraint protection                                                  ; Off                ; Off                ;
; Synthesis Effort                                                           ; Auto               ; Auto               ;
; Shift Register Replacement - Allow Asynchronous Clear Signal               ; On                 ; On                 ;
; Analysis & Synthesis Message Level                                         ; Medium             ; Medium             ;
; Disable Register Merging Across Hierarchies                                ; Auto               ; Auto               ;
; Resource Aware Inference For Block RAM                                     ; On                 ; On                 ;
; Synthesis Seed                                                             ; 1                  ; 1                  ;
+----------------------------------------------------------------------------+--------------------+--------------------+


Parallel compilation was disabled, but you have multiple processors available. Enable parallel compilation to reduce compilation time.
+-------------------------------------+
; Parallel Compilation                ;
+----------------------------+--------+
; Processors                 ; Number ;
+----------------------------+--------+
; Number detected on machine ; 2      ;
; Maximum allowed            ; 1      ;
+----------------------------+--------+


+-----------------------------------------------------------------------------------------------------------------------------------------------------------------------------------+
; Analysis & Synthesis Source Files Read                                                                                                                                            ;
+----------------------------------+-----------------+------------------------+-----------------------------------------------------------------------------------------------------+
; File Name with User-Entered Path ; Used in Netlist ; File Type              ; File Name with Absolute Path                                                                        ;
+----------------------------------+-----------------+------------------------+-----------------------------------------------------------------------------------------------------+
; GLCD_driver.v                    ; yes             ; User Verilog HDL File  ; D:/Works and collections/Elec/Projects/Greed4Speed/Greed4Speed final/DE0_NANO_GSensor/GLCD_driver.v ;
+----------------------------------+-----------------+------------------------+-----------------------------------------------------------------------------------------------------+


+----------------------------------------------------------+
; Analysis & Synthesis Resource Usage Summary              ;
+---------------------------------------------+------------+
; Resource                                    ; Usage      ;
+---------------------------------------------+------------+
; Estimated Total logic elements              ; 89         ;
;                                             ;            ;
; Total combinational functions               ; 89         ;
; Logic element usage by number of LUT inputs ;            ;
;     -- 4 input functions                    ; 35         ;
;     -- 3 input functions                    ; 7          ;
;     -- <=2 input functions                  ; 47         ;
;                                             ;            ;
; Logic elements by mode                      ;            ;
;     -- normal mode                          ; 45         ;
;     -- arithmetic mode                      ; 44         ;
;                                             ;            ;
; Total registers                             ; 59         ;
;     -- Dedicated logic registers            ; 59         ;
;     -- I/O registers                        ; 0          ;
;                                             ;            ;
; I/O pins                                    ; 15         ;
; Maximum fan-out node                        ; divider[8] ;
; Maximum fan-out                             ; 51         ;
; Total fan-out                               ; 431        ;
; Average fan-out                             ; 2.42       ;
+---------------------------------------------+------------+


+-----------------------------------------------------------------------------------------------------------------------------------------------------------------------------+
; Analysis & Synthesis Resource Utilization by Entity                                                                                                                         ;
+----------------------------+-------------------+--------------+-------------+--------------+---------+-----------+------+--------------+---------------------+--------------+
; Compilation Hierarchy Node ; LC Combinationals ; LC Registers ; Memory Bits ; DSP Elements ; DSP 9x9 ; DSP 18x18 ; Pins ; Virtual Pins ; Full Hierarchy Name ; Library Name ;
+----------------------------+-------------------+--------------+-------------+--------------+---------+-----------+------+--------------+---------------------+--------------+
; |GLCD_driver               ; 89 (89)           ; 59 (59)      ; 0           ; 0            ; 0       ; 0         ; 15   ; 0            ; |GLCD_driver        ;              ;
+----------------------------+-------------------+--------------+-------------+--------------+---------+-----------+------+--------------+---------------------+--------------+
Note: For table entries with two numbers listed, the numbers in parentheses indicate the number of resources of the given type used by the specific entity alone. The numbers listed outside of parentheses indicate the total resources of the given type used by the specific entity and all of its sub-entities in the hierarchy.


+---------------------------------------------------------------------------------+
; Registers Removed During Synthesis                                              ;
+----------------------------------------+----------------------------------------+
; Register name                          ; Reason for Removal                     ;
+----------------------------------------+----------------------------------------+
; reset~reg0                             ; Stuck at VCC due to stuck port data_in ;
; cs2~reg0                               ; Stuck at VCC due to stuck port data_in ;
; cs1~reg0                               ; Stuck at VCC due to stuck port data_in ;
; lcd_data[4]~reg0                       ; Merged with lcd_data[2]~reg0           ;
; lcd_data[5]~reg0                       ; Merged with lcd_data[3]~reg0           ;
; lcd_rw~reg0                            ; Stuck at GND due to stuck port data_in ;
; divider[9..21]                         ; Lost fanout                            ;
; Total Number of Removed Registers = 19 ;                                        ;
+----------------------------------------+----------------------------------------+


+------------------------------------------------------+
; General Register Statistics                          ;
+----------------------------------------------+-------+
; Statistic                                    ; Value ;
+----------------------------------------------+-------+
; Total registers                              ; 59    ;
; Number of registers using Synchronous Clear  ; 0     ;
; Number of registers using Synchronous Load   ; 0     ;
; Number of registers using Asynchronous Clear ; 0     ;
; Number of registers using Asynchronous Load  ; 0     ;
; Number of registers using Clock Enable       ; 38    ;
; Number of registers using Preset             ; 0     ;
+----------------------------------------------+-------+


+-------------------------------------------------------------------------------------------------------------------------------------------------------------+
; Multiplexer Restructuring Statistics (Restructuring Performed)                                                                                              ;
+--------------------+-----------+---------------+----------------------+------------------------+-------------------------------+----------------------------+
; Multiplexer Inputs ; Bus Width ; Baseline Area ; Area if Restructured ; Saving if Restructured ; Registered                    ; Example Multiplexer Output ;
+--------------------+-----------+---------------+----------------------+------------------------+-------------------------------+----------------------------+
; 10:1               ; 2 bits    ; 12 LEs        ; 6 LEs                ; 6 LEs                  ; |GLCD_driver|lcd_rs~reg0      ;                            ;
; 10:1               ; 6 bits    ; 36 LEs        ; 18 LEs               ; 18 LEs                 ; |GLCD_driver|lcd_data[0]~reg0 ;                            ;
+--------------------+-----------+---------------+----------------------+------------------------+-------------------------------+----------------------------+


+-------------------------------+
; Elapsed Time Per Partition    ;
+----------------+--------------+
; Partition Name ; Elapsed Time ;
+----------------+--------------+
; Top            ; 00:00:02     ;
+----------------+--------------+


+-------------------------------+
; Analysis & Synthesis Messages ;
+-------------------------------+
Info: *******************************************************************
Info: Running Quartus II Analysis & Synthesis
    Info: Version 11.0 Build 157 04/27/2011 SJ Web Edition
    Info: Processing started: Sun Dec 02 12:47:50 2012
Info: Command: quartus_map --read_settings_files=on --write_settings_files=off DE0_NANO_G_Sensor -c DE0_NANO_G_Sensor
Warning: Parallel compilation is not licensed and has been disabled
Info: Found 1 design units, including 1 entities, in source file v/spipll.v
    Info: Found entity 1: spipll
Info: Found 1 design units, including 1 entities, in source file v/spi_ee_config.v
    Info: Found entity 1: spi_ee_config
Info: Found 1 design units, including 1 entities, in source file v/spi_controller.v
    Info: Found entity 1: spi_controller
Info: Found 1 design units, including 1 entities, in source file v/reset_delay.v
    Info: Found entity 1: reset_delay
Info: Found 1 design units, including 1 entities, in source file v/led_driver.v
    Info: Found entity 1: led_driver
Info: Found 1 design units, including 1 entities, in source file de0_nano_g_sensor.v
    Info: Found entity 1: DE0_NANO_G_Sensor
Warning: Can't analyze file -- file spipll.v is missing
Info: Found 1 design units, including 1 entities, in source file glcd_driver.v
    Info: Found entity 1: GLCD_driver
Info: Elaborating entity "GLCD_driver" for the top level hierarchy
Warning (10230): Verilog HDL assignment warning at GLCD_driver.v(21): truncated value with size 32 to match size of target (22)
Warning (10230): Verilog HDL assignment warning at GLCD_driver.v(29): truncated value with size 32 to match size of target (9)
Warning: Output pins are stuck at VCC or GND
    Warning (13410): Pin "lcd_rw" is stuck at GND
    Warning (13410): Pin "reset" is stuck at VCC
    Warning (13410): Pin "cs1" is stuck at VCC
    Warning (13410): Pin "cs2" is stuck at VCC
Info: Timing-Driven Synthesis is running
Info: 13 registers lost all their fanouts during netlist optimizations. The first 13 are displayed below.
    Info: Register "divider[9]" lost all its fanouts during netlist optimizations.
    Info: Register "divider[10]" lost all its fanouts during netlist optimizations.
    Info: Register "divider[11]" lost all its fanouts during netlist optimizations.
    Info: Register "divider[12]" lost all its fanouts during netlist optimizations.
    Info: Register "divider[13]" lost all its fanouts during netlist optimizations.
    Info: Register "divider[14]" lost all its fanouts during netlist optimizations.
    Info: Register "divider[15]" lost all its fanouts during netlist optimizations.
    Info: Register "divider[16]" lost all its fanouts during netlist optimizations.
    Info: Register "divider[17]" lost all its fanouts during netlist optimizations.
    Info: Register "divider[18]" lost all its fanouts during netlist optimizations.
    Info: Register "divider[19]" lost all its fanouts during netlist optimizations.
    Info: Register "divider[20]" lost all its fanouts during netlist optimizations.
    Info: Register "divider[21]" lost all its fanouts during netlist optimizations.
Info: Generated suppressed messages file D:/Works and collections/Elec/Projects/Greed4Speed/Greed4Speed final/DE0_NANO_GSensor/DE0_NANO_G_Sensor.map.smsg
Info: Generating hard_block partition "hard_block:auto_generated_inst"
Info: Implemented 104 device resources after synthesis - the final resource count might be different
    Info: Implemented 1 input pins
    Info: Implemented 14 output pins
    Info: Implemented 89 logic cells
Info: Quartus II Analysis & Synthesis was successful. 0 errors, 9 warnings
    Info: Peak virtual memory: 277 megabytes
    Info: Processing ended: Sun Dec 02 12:47:56 2012
    Info: Elapsed time: 00:00:06
    Info: Total CPU time (on all processors): 00:00:03


+------------------------------------------+
; Analysis & Synthesis Suppressed Messages ;
+------------------------------------------+
The suppressed messages can be found in D:/Works and collections/Elec/Projects/Greed4Speed/Greed4Speed final/DE0_NANO_GSensor/DE0_NANO_G_Sensor.map.smsg.


